{
  "RSpec": {
    "coverage": {
      "/Users/bhuji/Turing/3module/projects/paired/viewing_party_lite/app/helpers/application_helper.rb": {
        "lines": [
          1,
          null
        ]
      },
      "/Users/bhuji/Turing/3module/projects/paired/viewing_party_lite/app/facades/movie_facade.rb": {
        "lines": [
          1,
          null,
          1,
          7,
          7,
          103,
          null,
          null,
          null,
          1,
          8,
          8,
          null,
          null,
          1,
          6,
          6,
          null,
          null,
          1,
          6,
          6,
          42,
          null,
          null,
          null,
          1,
          6,
          6,
          null,
          null
        ]
      },
      "/Users/bhuji/Turing/3module/projects/paired/viewing_party_lite/app/models/party.rb": {
        "lines": [
          1,
          1,
          1,
          1,
          1,
          1,
          null,
          1,
          1,
          null
        ]
      },
      "/Users/bhuji/Turing/3module/projects/paired/viewing_party_lite/app/models/application_record.rb": {
        "lines": [
          1,
          1,
          null
        ]
      },
      "/Users/bhuji/Turing/3module/projects/paired/viewing_party_lite/app/models/party_user.rb": {
        "lines": [
          1,
          1,
          1,
          null
        ]
      },
      "/Users/bhuji/Turing/3module/projects/paired/viewing_party_lite/app/models/user.rb": {
        "lines": [
          1,
          1,
          1,
          1,
          1,
          1,
          null,
          1,
          null,
          1,
          1,
          null
        ]
      },
      "/Users/bhuji/Turing/3module/projects/paired/viewing_party_lite/app/poros/image.rb": {
        "lines": [
          1,
          null,
          1,
          null,
          null,
          1,
          7,
          7,
          null,
          null
        ]
      },
      "/Users/bhuji/Turing/3module/projects/paired/viewing_party_lite/app/poros/movie.rb": {
        "lines": [
          1,
          null,
          1,
          null,
          null,
          null,
          null,
          null,
          null,
          null,
          null,
          null,
          null,
          1,
          121,
          121,
          121,
          121,
          121,
          121,
          121,
          121,
          121,
          121,
          null,
          null,
          1,
          6,
          6,
          6,
          null,
          null,
          1,
          6,
          6,
          12,
          null,
          6,
          null,
          null
        ]
      },
      "/Users/bhuji/Turing/3module/projects/paired/viewing_party_lite/app/poros/review.rb": {
        "lines": [
          1,
          null,
          1,
          null,
          null,
          1,
          43,
          43,
          null,
          null
        ]
      },
      "/Users/bhuji/Turing/3module/projects/paired/viewing_party_lite/app/services/movie_service.rb": {
        "lines": [
          1,
          null,
          1,
          39,
          39,
          null,
          null,
          null,
          1,
          9,
          4,
          null,
          5,
          null,
          9,
          9,
          null,
          null,
          1,
          9,
          9,
          null,
          null,
          1,
          7,
          7,
          null,
          null,
          1,
          7,
          7,
          null,
          null,
          1,
          7,
          7,
          null,
          null
        ]
      },
      "/Users/bhuji/Turing/3module/projects/paired/viewing_party_lite/app/controllers/landing_controller.rb": {
        "lines": [
          1,
          1,
          20,
          null,
          null
        ]
      },
      "/Users/bhuji/Turing/3module/projects/paired/viewing_party_lite/app/controllers/application_controller.rb": {
        "lines": [
          1,
          1,
          null,
          null,
          null,
          null,
          null,
          1,
          23,
          null,
          null
        ]
      },
      "/Users/bhuji/Turing/3module/projects/paired/viewing_party_lite/app/controllers/sessions_controller.rb": {
        "lines": [
          1,
          null,
          1,
          null,
          null,
          1,
          17,
          17,
          3,
          3,
          null,
          14,
          14,
          14,
          null,
          null,
          null,
          1,
          1,
          17,
          null,
          null
        ]
      },
      "/Users/bhuji/Turing/3module/projects/paired/viewing_party_lite/app/controllers/users_controller.rb": {
        "lines": [
          1,
          null,
          1,
          1,
          null,
          1,
          null,
          19,
          19,
          null,
          null,
          1,
          9,
          null,
          null,
          1,
          8,
          7,
          5,
          5,
          null,
          2,
          2,
          2,
          2,
          2,
          null,
          null,
          1,
          1,
          null,
          null,
          null,
          null,
          1,
          1,
          19,
          null,
          null,
          1,
          19,
          null,
          null,
          1,
          0,
          0,
          null,
          null
        ]
      },
      "/Users/bhuji/Turing/3module/projects/paired/viewing_party_lite/app/controllers/discover_controller.rb": {
        "lines": [
          1,
          null,
          1,
          null,
          1,
          null,
          null
        ]
      },
      "/Users/bhuji/Turing/3module/projects/paired/viewing_party_lite/app/controllers/movies_controller.rb": {
        "lines": [
          1,
          null,
          1,
          null,
          1,
          5,
          null,
          null,
          1,
          5,
          5,
          5,
          5,
          null,
          null
        ]
      },
      "/Users/bhuji/Turing/3module/projects/paired/viewing_party_lite/app/controllers/viewing_parties_controller.rb": {
        "lines": [
          1,
          null,
          1,
          null,
          1,
          2,
          null,
          null,
          1,
          null,
          null,
          null,
          null,
          null,
          null,
          null,
          null,
          null,
          1,
          1,
          3,
          null,
          1,
          null,
          null,
          1,
          null,
          1,
          null,
          1,
          null,
          null,
          null,
          null,
          null,
          null,
          null
        ]
      }
    },
    "timestamp": 1658263028
  }
}
